  예제3_2.c
C:\C\StudyC\3_2\예제3_2.c(14,1): error C2449: 파일 범위에 '{'가 있습니다. 함수 헤더가 없는 것 같습니다.
C:\C\StudyC\3_2\예제3_2.c(18,1): error C2059: 구문 오류: '}'
